<?xml version="1.0" encoding="UTF-8"?>
<testsuite xmlns:xsi="http://www.w3.org/2001/XMLSchema-instance" xsi:noNamespaceSchemaLocation="https://maven.apache.org/surefire/maven-surefire-plugin/xsd/surefire-test-report-3.0.xsd" version="3.0" name="com.example.AppTest" time="0.145" tests="1" errors="0" skipped="0" failures="0">
  <properties>
    <property name="gopherProxySet" value="false"/>
    <property name="awt.toolkit" value="sun.lwawt.macosx.LWCToolkit"/>
    <property name="java.specification.version" value="11"/>
    <property name="sun.cpu.isalist" value=""/>
    <property name="sun.jnu.encoding" value="UTF-8"/>
    <property name="java.class.path" value="/Users/soumyaprasadchandra/Downloads/hoen-scanner/target/test-classes:/Users/soumyaprasadchandra/Downloads/hoen-scanner/target/classes:/Users/soumyaprasadchandra/.m2/repository/io/dropwizard/dropwizard-core/2.1.0/dropwizard-core-2.1.0.jar:/Users/soumyaprasadchandra/.m2/repository/io/dropwizard/dropwizard-util/2.1.0/dropwizard-util-2.1.0.jar:/Users/soumyaprasadchandra/.m2/repository/com/google/guava/guava/31.1-jre/guava-31.1-jre.jar:/Users/soumyaprasadchandra/.m2/repository/com/google/guava/failureaccess/1.0.1/failureaccess-1.0.1.jar:/Users/soumyaprasadchandra/.m2/repository/com/google/guava/listenablefuture/9999.0-empty-to-avoid-conflict-with-guava/listenablefuture-9999.0-empty-to-avoid-conflict-with-guava.jar:/Users/soumyaprasadchandra/.m2/repository/org/checkerframework/checker-qual/3.12.0/checker-qual-3.12.0.jar:/Users/soumyaprasadchandra/.m2/repository/com/google/errorprone/error_prone_annotations/2.11.0/error_prone_annotations-2.11.0.jar:/Users/soumyaprasadchandra/.m2/repository/com/google/j2objc/j2objc-annotations/1.3/j2objc-annotations-1.3.jar:/Users/soumyaprasadchandra/.m2/repository/io/dropwizard/dropwizard-jackson/2.1.0/dropwizard-jackson-2.1.0.jar:/Users/soumyaprasadchandra/.m2/repository/com/github/ben-manes/caffeine/caffeine/2.9.3/caffeine-2.9.3.jar:/Users/soumyaprasadchandra/.m2/repository/com/fasterxml/jackson/datatype/jackson-datatype-guava/2.13.2/jackson-datatype-guava-2.13.2.jar:/Users/soumyaprasadchandra/.m2/repository/com/fasterxml/jackson/datatype/jackson-datatype-jsr310/2.13.2/jackson-datatype-jsr310-2.13.2.jar:/Users/soumyaprasadchandra/.m2/repository/com/fasterxml/jackson/datatype/jackson-datatype-jdk8/2.13.2/jackson-datatype-jdk8-2.13.2.jar:/Users/soumyaprasadchandra/.m2/repository/com/fasterxml/jackson/module/jackson-module-parameter-names/2.13.2/jackson-module-parameter-names-2.13.2.jar:/Users/soumyaprasadchandra/.m2/repository/com/fasterxml/jackson/module/jackson-module-blackbird/2.13.2/jackson-module-blackbird-2.13.2.jar:/Users/soumyaprasadchandra/.m2/repository/com/fasterxml/jackson/datatype/jackson-datatype-joda/2.13.2/jackson-datatype-joda-2.13.2.jar:/Users/soumyaprasadchandra/.m2/repository/io/dropwizard/dropwizard-validation/2.1.0/dropwizard-validation-2.1.0.jar:/Users/soumyaprasadchandra/.m2/repository/com/fasterxml/classmate/1.5.1/classmate-1.5.1.jar:/Users/soumyaprasadchandra/.m2/repository/org/glassfish/jakarta.el/3.0.4/jakarta.el-3.0.4.jar:/Users/soumyaprasadchandra/.m2/repository/io/dropwizard/dropwizard-configuration/2.1.0/dropwizard-configuration-2.1.0.jar:/Users/soumyaprasadchandra/.m2/repository/com/fasterxml/jackson/dataformat/jackson-dataformat-yaml/2.13.2/jackson-dataformat-yaml-2.13.2.jar:/Users/soumyaprasadchandra/.m2/repository/org/yaml/snakeyaml/1.30/snakeyaml-1.30.jar:/Users/soumyaprasadchandra/.m2/repository/org/apache/commons/commons-text/1.9/commons-text-1.9.jar:/Users/soumyaprasadchandra/.m2/repository/org/apache/commons/commons-lang3/3.11/commons-lang3-3.11.jar:/Users/soumyaprasadchandra/.m2/repository/io/dropwizard/dropwizard-logging/2.1.0/dropwizard-logging-2.1.0.jar:/Users/soumyaprasadchandra/.m2/repository/io/dropwizard/metrics/metrics-logback/4.2.9/metrics-logback-4.2.9.jar:/Users/soumyaprasadchandra/.m2/repository/org/slf4j/jul-to-slf4j/1.7.36/jul-to-slf4j-1.7.36.jar:/Users/soumyaprasadchandra/.m2/repository/ch/qos/logback/logback-core/1.2.11/logback-core-1.2.11.jar:/Users/soumyaprasadchandra/.m2/repository/io/dropwizard/logback/logback-throttling-appender/1.1.9/logback-throttling-appender-1.1.9.jar:/Users/soumyaprasadchandra/.m2/repository/org/slf4j/log4j-over-slf4j/1.7.36/log4j-over-slf4j-1.7.36.jar:/Users/soumyaprasadchandra/.m2/repository/org/slf4j/jcl-over-slf4j/1.7.36/jcl-over-slf4j-1.7.36.jar:/Users/soumyaprasadchandra/.m2/repository/io/dropwizard/dropwizard-metrics/2.1.0/dropwizard-metrics-2.1.0.jar:/Users/soumyaprasadchandra/.m2/repository/io/dropwizard/dropwizard-jersey/2.1.0/dropwizard-jersey-2.1.0.jar:/Users/soumyaprasadchandra/.m2/repository/org/glassfish/jersey/core/jersey-server/2.35/jersey-server-2.35.jar:/Users/soumyaprasadchandra/.m2/repository/org/glassfish/jersey/ext/jersey-metainf-services/2.35/jersey-metainf-services-2.35.jar:/Users/soumyaprasadchandra/.m2/repository/org/glassfish/jersey/inject/jersey-hk2/2.35/jersey-hk2-2.35.jar:/Users/soumyaprasadchandra/.m2/repository/org/glassfish/hk2/hk2-locator/2.6.1/hk2-locator-2.6.1.jar:/Users/soumyaprasadchandra/.m2/repository/org/javassist/javassist/3.28.0-GA/javassist-3.28.0-GA.jar:/Users/soumyaprasadchandra/.m2/repository/io/dropwizard/metrics/metrics-jersey2/4.2.9/metrics-jersey2-4.2.9.jar:/Users/soumyaprasadchandra/.m2/repository/com/fasterxml/jackson/jaxrs/jackson-jaxrs-json-provider/2.13.2/jackson-jaxrs-json-provider-2.13.2.jar:/Users/soumyaprasadchandra/.m2/repository/com/fasterxml/jackson/jaxrs/jackson-jaxrs-base/2.13.2/jackson-jaxrs-base-2.13.2.jar:/Users/soumyaprasadchandra/.m2/repository/com/fasterxml/jackson/module/jackson-module-jaxb-annotations/2.13.2/jackson-module-jaxb-annotations-2.13.2.jar:/Users/soumyaprasadchandra/.m2/repository/jakarta/xml/bind/jakarta.xml.bind-api/2.3.3/jakarta.xml.bind-api-2.3.3.jar:/Users/soumyaprasadchandra/.m2/repository/jakarta/activation/jakarta.activation-api/1.2.1/jakarta.activation-api-1.2.1.jar:/Users/soumyaprasadchandra/.m2/repository/jakarta/annotation/jakarta.annotation-api/1.3.5/jakarta.annotation-api-1.3.5.jar:/Users/soumyaprasadchandra/.m2/repository/joda-time/joda-time/2.10.14/joda-time-2.10.14.jar:/Users/soumyaprasadchandra/.m2/repository/org/glassfish/hk2/hk2-api/2.6.1/hk2-api-2.6.1.jar:/Users/soumyaprasadchandra/.m2/repository/org/glassfish/hk2/hk2-utils/2.6.1/hk2-utils-2.6.1.jar:/Users/soumyaprasadchandra/.m2/repository/org/glassfish/hk2/external/aopalliance-repackaged/2.6.1/aopalliance-repackaged-2.6.1.jar:/Users/soumyaprasadchandra/.m2/repository/org/glassfish/jersey/containers/jersey-container-servlet/2.35/jersey-container-servlet-2.35.jar:/Users/soumyaprasadchandra/.m2/repository/org/glassfish/jersey/containers/jersey-container-servlet-core/2.35/jersey-container-servlet-core-2.35.jar:/Users/soumyaprasadchandra/.m2/repository/org/glassfish/jersey/core/jersey-client/2.35/jersey-client-2.35.jar:/Users/soumyaprasadchandra/.m2/repository/io/dropwizard/dropwizard-servlets/2.1.0/dropwizard-servlets-2.1.0.jar:/Users/soumyaprasadchandra/.m2/repository/io/dropwizard/metrics/metrics-annotation/4.2.9/metrics-annotation-4.2.9.jar:/Users/soumyaprasadchandra/.m2/repository/io/dropwizard/dropwizard-lifecycle/2.1.0/dropwizard-lifecycle-2.1.0.jar:/Users/soumyaprasadchandra/.m2/repository/io/dropwizard/dropwizard-health/2.1.0/dropwizard-health-2.1.0.jar:/Users/soumyaprasadchandra/.m2/repository/io/dropwizard/metrics/metrics-core/4.2.9/metrics-core-4.2.9.jar:/Users/soumyaprasadchandra/.m2/repository/io/dropwizard/metrics/metrics-jetty9/4.2.9/metrics-jetty9-4.2.9.jar:/Users/soumyaprasadchandra/.m2/repository/io/dropwizard/metrics/metrics-jvm/4.2.9/metrics-jvm-4.2.9.jar:/Users/soumyaprasadchandra/.m2/repository/io/dropwizard/metrics/metrics-jmx/4.2.9/metrics-jmx-4.2.9.jar:/Users/soumyaprasadchandra/.m2/repository/io/dropwizard/metrics/metrics-servlets/4.2.9/metrics-servlets-4.2.9.jar:/Users/soumyaprasadchandra/.m2/repository/io/dropwizard/metrics/metrics-json/4.2.9/metrics-json-4.2.9.jar:/Users/soumyaprasadchandra/.m2/repository/com/helger/profiler/1.1.1/profiler-1.1.1.jar:/Users/soumyaprasadchandra/.m2/repository/io/dropwizard/metrics/metrics-healthchecks/4.2.9/metrics-healthchecks-4.2.9.jar:/Users/soumyaprasadchandra/.m2/repository/io/dropwizard/dropwizard-request-logging/2.1.0/dropwizard-request-logging-2.1.0.jar:/Users/soumyaprasadchandra/.m2/repository/ch/qos/logback/logback-access/1.2.11/logback-access-1.2.11.jar:/Users/soumyaprasadchandra/.m2/repository/ch/qos/logback/logback-classic/1.2.11/logback-classic-1.2.11.jar:/Users/soumyaprasadchandra/.m2/repository/com/fasterxml/jackson/core/jackson-annotations/2.13.2/jackson-annotations-2.13.2.jar:/Users/soumyaprasadchandra/.m2/repository/com/google/code/findbugs/jsr305/3.0.2/jsr305-3.0.2.jar:/Users/soumyaprasadchandra/.m2/repository/jakarta/servlet/jakarta.servlet-api/4.0.4/jakarta.servlet-api-4.0.4.jar:/Users/soumyaprasadchandra/.m2/repository/jakarta/validation/jakarta.validation-api/2.0.2/jakarta.validation-api-2.0.2.jar:/Users/soumyaprasadchandra/.m2/repository/jakarta/ws/rs/jakarta.ws.rs-api/2.1.6/jakarta.ws.rs-api-2.1.6.jar:/Users/soumyaprasadchandra/.m2/repository/net/sourceforge/argparse4j/argparse4j/0.9.0/argparse4j-0.9.0.jar:/Users/soumyaprasadchandra/.m2/repository/org/eclipse/jetty/jetty-security/9.4.46.v20220331/jetty-security-9.4.46.v20220331.jar:/Users/soumyaprasadchandra/.m2/repository/org/eclipse/jetty/jetty-servlet/9.4.46.v20220331/jetty-servlet-9.4.46.v20220331.jar:/Users/soumyaprasadchandra/.m2/repository/org/eclipse/jetty/jetty-util-ajax/9.4.46.v20220331/jetty-util-ajax-9.4.46.v20220331.jar:/Users/soumyaprasadchandra/.m2/repository/org/eclipse/jetty/jetty-util/9.4.46.v20220331/jetty-util-9.4.46.v20220331.jar:/Users/soumyaprasadchandra/.m2/repository/org/eclipse/jetty/toolchain/setuid/jetty-setuid-java/1.0.4/jetty-setuid-java-1.0.4.jar:/Users/soumyaprasadchandra/.m2/repository/jakarta/inject/jakarta.inject-api/1.0.5/jakarta.inject-api-1.0.5.jar:/Users/soumyaprasadchandra/.m2/repository/org/glassfish/jersey/core/jersey-common/2.35/jersey-common-2.35.jar:/Users/soumyaprasadchandra/.m2/repository/org/glassfish/hk2/external/jakarta.inject/2.6.1/jakarta.inject-2.6.1.jar:/Users/soumyaprasadchandra/.m2/repository/org/glassfish/hk2/osgi-resource-locator/1.0.3/osgi-resource-locator-1.0.3.jar:/Users/soumyaprasadchandra/.m2/repository/org/glassfish/jersey/ext/jersey-bean-validation/2.35/jersey-bean-validation-2.35.jar:/Users/soumyaprasadchandra/.m2/repository/org/hibernate/validator/hibernate-validator/6.2.3.Final/hibernate-validator-6.2.3.Final.jar:/Users/soumyaprasadchandra/.m2/repository/org/jboss/logging/jboss-logging/3.4.1.Final/jboss-logging-3.4.1.Final.jar:/Users/soumyaprasadchandra/.m2/repository/org/slf4j/slf4j-api/1.7.36/slf4j-api-1.7.36.jar:/Users/soumyaprasadchandra/.m2/repository/io/dropwizard/dropwizard-jetty/2.1.0/dropwizard-jetty-2.1.0.jar:/Users/soumyaprasadchandra/.m2/repository/org/eclipse/jetty/jetty-io/9.4.46.v20220331/jetty-io-9.4.46.v20220331.jar:/Users/soumyaprasadchandra/.m2/repository/org/eclipse/jetty/jetty-servlets/9.4.46.v20220331/jetty-servlets-9.4.46.v20220331.jar:/Users/soumyaprasadchandra/.m2/repository/org/eclipse/jetty/jetty-continuation/9.4.46.v20220331/jetty-continuation-9.4.46.v20220331.jar:/Users/soumyaprasadchandra/.m2/repository/org/eclipse/jetty/jetty-http/9.4.46.v20220331/jetty-http-9.4.46.v20220331.jar:/Users/soumyaprasadchandra/.m2/repository/com/fasterxml/jackson/core/jackson-databind/2.13.4/jackson-databind-2.13.4.jar:/Users/soumyaprasadchandra/.m2/repository/com/fasterxml/jackson/core/jackson-core/2.13.4/jackson-core-2.13.4.jar:/Users/soumyaprasadchandra/.m2/repository/org/eclipse/jetty/jetty-server/9.4.43.v20210629/jetty-server-9.4.43.v20210629.jar:/Users/soumyaprasadchandra/.m2/repository/javax/servlet/javax.servlet-api/3.1.0/javax.servlet-api-3.1.0.jar:/Users/soumyaprasadchandra/.m2/repository/junit/junit/4.13.2/junit-4.13.2.jar:/Users/soumyaprasadchandra/.m2/repository/org/hamcrest/hamcrest-core/1.3/hamcrest-core-1.3.jar:"/>
    <property name="java.vm.vendor" value="Homebrew"/>
    <property name="sun.arch.data.model" value="64"/>
    <property name="java.vendor.url" value="https://github.com/Homebrew/homebrew-core/issues"/>
    <property name="user.timezone" value=""/>
    <property name="java.vm.specification.version" value="11"/>
    <property name="os.name" value="Mac OS X"/>
    <property name="sun.java.launcher" value="SUN_STANDARD"/>
    <property name="user.country" value="IN"/>
    <property name="sun.boot.library.path" value="/usr/local/Cellar/openjdk@11/11.0.27/libexec/openjdk.jdk/Contents/Home/lib"/>
    <property name="sun.java.command" value="/Users/soumyaprasadchandra/Downloads/hoen-scanner/target/surefire/surefirebooter-20250505002107208_3.jar /Users/soumyaprasadchandra/Downloads/hoen-scanner/target/surefire 2025-05-05T00-21-07_083-jvmRun1 surefire-20250505002107208_1tmp surefire_0-20250505002107208_2tmp"/>
    <property name="http.nonProxyHosts" value="local|*.local|169.254/16|*.169.254/16"/>
    <property name="jdk.debug" value="release"/>
    <property name="surefire.test.class.path" value="/Users/soumyaprasadchandra/Downloads/hoen-scanner/target/test-classes:/Users/soumyaprasadchandra/Downloads/hoen-scanner/target/classes:/Users/soumyaprasadchandra/.m2/repository/io/dropwizard/dropwizard-core/2.1.0/dropwizard-core-2.1.0.jar:/Users/soumyaprasadchandra/.m2/repository/io/dropwizard/dropwizard-util/2.1.0/dropwizard-util-2.1.0.jar:/Users/soumyaprasadchandra/.m2/repository/com/google/guava/guava/31.1-jre/guava-31.1-jre.jar:/Users/soumyaprasadchandra/.m2/repository/com/google/guava/failureaccess/1.0.1/failureaccess-1.0.1.jar:/Users/soumyaprasadchandra/.m2/repository/com/google/guava/listenablefuture/9999.0-empty-to-avoid-conflict-with-guava/listenablefuture-9999.0-empty-to-avoid-conflict-with-guava.jar:/Users/soumyaprasadchandra/.m2/repository/org/checkerframework/checker-qual/3.12.0/checker-qual-3.12.0.jar:/Users/soumyaprasadchandra/.m2/repository/com/google/errorprone/error_prone_annotations/2.11.0/error_prone_annotations-2.11.0.jar:/Users/soumyaprasadchandra/.m2/repository/com/google/j2objc/j2objc-annotations/1.3/j2objc-annotations-1.3.jar:/Users/soumyaprasadchandra/.m2/repository/io/dropwizard/dropwizard-jackson/2.1.0/dropwizard-jackson-2.1.0.jar:/Users/soumyaprasadchandra/.m2/repository/com/github/ben-manes/caffeine/caffeine/2.9.3/caffeine-2.9.3.jar:/Users/soumyaprasadchandra/.m2/repository/com/fasterxml/jackson/datatype/jackson-datatype-guava/2.13.2/jackson-datatype-guava-2.13.2.jar:/Users/soumyaprasadchandra/.m2/repository/com/fasterxml/jackson/datatype/jackson-datatype-jsr310/2.13.2/jackson-datatype-jsr310-2.13.2.jar:/Users/soumyaprasadchandra/.m2/repository/com/fasterxml/jackson/datatype/jackson-datatype-jdk8/2.13.2/jackson-datatype-jdk8-2.13.2.jar:/Users/soumyaprasadchandra/.m2/repository/com/fasterxml/jackson/module/jackson-module-parameter-names/2.13.2/jackson-module-parameter-names-2.13.2.jar:/Users/soumyaprasadchandra/.m2/repository/com/fasterxml/jackson/module/jackson-module-blackbird/2.13.2/jackson-module-blackbird-2.13.2.jar:/Users/soumyaprasadchandra/.m2/repository/com/fasterxml/jackson/datatype/jackson-datatype-joda/2.13.2/jackson-datatype-joda-2.13.2.jar:/Users/soumyaprasadchandra/.m2/repository/io/dropwizard/dropwizard-validation/2.1.0/dropwizard-validation-2.1.0.jar:/Users/soumyaprasadchandra/.m2/repository/com/fasterxml/classmate/1.5.1/classmate-1.5.1.jar:/Users/soumyaprasadchandra/.m2/repository/org/glassfish/jakarta.el/3.0.4/jakarta.el-3.0.4.jar:/Users/soumyaprasadchandra/.m2/repository/io/dropwizard/dropwizard-configuration/2.1.0/dropwizard-configuration-2.1.0.jar:/Users/soumyaprasadchandra/.m2/repository/com/fasterxml/jackson/dataformat/jackson-dataformat-yaml/2.13.2/jackson-dataformat-yaml-2.13.2.jar:/Users/soumyaprasadchandra/.m2/repository/org/yaml/snakeyaml/1.30/snakeyaml-1.30.jar:/Users/soumyaprasadchandra/.m2/repository/org/apache/commons/commons-text/1.9/commons-text-1.9.jar:/Users/soumyaprasadchandra/.m2/repository/org/apache/commons/commons-lang3/3.11/commons-lang3-3.11.jar:/Users/soumyaprasadchandra/.m2/repository/io/dropwizard/dropwizard-logging/2.1.0/dropwizard-logging-2.1.0.jar:/Users/soumyaprasadchandra/.m2/repository/io/dropwizard/metrics/metrics-logback/4.2.9/metrics-logback-4.2.9.jar:/Users/soumyaprasadchandra/.m2/repository/org/slf4j/jul-to-slf4j/1.7.36/jul-to-slf4j-1.7.36.jar:/Users/soumyaprasadchandra/.m2/repository/ch/qos/logback/logback-core/1.2.11/logback-core-1.2.11.jar:/Users/soumyaprasadchandra/.m2/repository/io/dropwizard/logback/logback-throttling-appender/1.1.9/logback-throttling-appender-1.1.9.jar:/Users/soumyaprasadchandra/.m2/repository/org/slf4j/log4j-over-slf4j/1.7.36/log4j-over-slf4j-1.7.36.jar:/Users/soumyaprasadchandra/.m2/repository/org/slf4j/jcl-over-slf4j/1.7.36/jcl-over-slf4j-1.7.36.jar:/Users/soumyaprasadchandra/.m2/repository/io/dropwizard/dropwizard-metrics/2.1.0/dropwizard-metrics-2.1.0.jar:/Users/soumyaprasadchandra/.m2/repository/io/dropwizard/dropwizard-jersey/2.1.0/dropwizard-jersey-2.1.0.jar:/Users/soumyaprasadchandra/.m2/repository/org/glassfish/jersey/core/jersey-server/2.35/jersey-server-2.35.jar:/Users/soumyaprasadchandra/.m2/repository/org/glassfish/jersey/ext/jersey-metainf-services/2.35/jersey-metainf-services-2.35.jar:/Users/soumyaprasadchandra/.m2/repository/org/glassfish/jersey/inject/jersey-hk2/2.35/jersey-hk2-2.35.jar:/Users/soumyaprasadchandra/.m2/repository/org/glassfish/hk2/hk2-locator/2.6.1/hk2-locator-2.6.1.jar:/Users/soumyaprasadchandra/.m2/repository/org/javassist/javassist/3.28.0-GA/javassist-3.28.0-GA.jar:/Users/soumyaprasadchandra/.m2/repository/io/dropwizard/metrics/metrics-jersey2/4.2.9/metrics-jersey2-4.2.9.jar:/Users/soumyaprasadchandra/.m2/repository/com/fasterxml/jackson/jaxrs/jackson-jaxrs-json-provider/2.13.2/jackson-jaxrs-json-provider-2.13.2.jar:/Users/soumyaprasadchandra/.m2/repository/com/fasterxml/jackson/jaxrs/jackson-jaxrs-base/2.13.2/jackson-jaxrs-base-2.13.2.jar:/Users/soumyaprasadchandra/.m2/repository/com/fasterxml/jackson/module/jackson-module-jaxb-annotations/2.13.2/jackson-module-jaxb-annotations-2.13.2.jar:/Users/soumyaprasadchandra/.m2/repository/jakarta/xml/bind/jakarta.xml.bind-api/2.3.3/jakarta.xml.bind-api-2.3.3.jar:/Users/soumyaprasadchandra/.m2/repository/jakarta/activation/jakarta.activation-api/1.2.1/jakarta.activation-api-1.2.1.jar:/Users/soumyaprasadchandra/.m2/repository/jakarta/annotation/jakarta.annotation-api/1.3.5/jakarta.annotation-api-1.3.5.jar:/Users/soumyaprasadchandra/.m2/repository/joda-time/joda-time/2.10.14/joda-time-2.10.14.jar:/Users/soumyaprasadchandra/.m2/repository/org/glassfish/hk2/hk2-api/2.6.1/hk2-api-2.6.1.jar:/Users/soumyaprasadchandra/.m2/repository/org/glassfish/hk2/hk2-utils/2.6.1/hk2-utils-2.6.1.jar:/Users/soumyaprasadchandra/.m2/repository/org/glassfish/hk2/external/aopalliance-repackaged/2.6.1/aopalliance-repackaged-2.6.1.jar:/Users/soumyaprasadchandra/.m2/repository/org/glassfish/jersey/containers/jersey-container-servlet/2.35/jersey-container-servlet-2.35.jar:/Users/soumyaprasadchandra/.m2/repository/org/glassfish/jersey/containers/jersey-container-servlet-core/2.35/jersey-container-servlet-core-2.35.jar:/Users/soumyaprasadchandra/.m2/repository/org/glassfish/jersey/core/jersey-client/2.35/jersey-client-2.35.jar:/Users/soumyaprasadchandra/.m2/repository/io/dropwizard/dropwizard-servlets/2.1.0/dropwizard-servlets-2.1.0.jar:/Users/soumyaprasadchandra/.m2/repository/io/dropwizard/metrics/metrics-annotation/4.2.9/metrics-annotation-4.2.9.jar:/Users/soumyaprasadchandra/.m2/repository/io/dropwizard/dropwizard-lifecycle/2.1.0/dropwizard-lifecycle-2.1.0.jar:/Users/soumyaprasadchandra/.m2/repository/io/dropwizard/dropwizard-health/2.1.0/dropwizard-health-2.1.0.jar:/Users/soumyaprasadchandra/.m2/repository/io/dropwizard/metrics/metrics-core/4.2.9/metrics-core-4.2.9.jar:/Users/soumyaprasadchandra/.m2/repository/io/dropwizard/metrics/metrics-jetty9/4.2.9/metrics-jetty9-4.2.9.jar:/Users/soumyaprasadchandra/.m2/repository/io/dropwizard/metrics/metrics-jvm/4.2.9/metrics-jvm-4.2.9.jar:/Users/soumyaprasadchandra/.m2/repository/io/dropwizard/metrics/metrics-jmx/4.2.9/metrics-jmx-4.2.9.jar:/Users/soumyaprasadchandra/.m2/repository/io/dropwizard/metrics/metrics-servlets/4.2.9/metrics-servlets-4.2.9.jar:/Users/soumyaprasadchandra/.m2/repository/io/dropwizard/metrics/metrics-json/4.2.9/metrics-json-4.2.9.jar:/Users/soumyaprasadchandra/.m2/repository/com/helger/profiler/1.1.1/profiler-1.1.1.jar:/Users/soumyaprasadchandra/.m2/repository/io/dropwizard/metrics/metrics-healthchecks/4.2.9/metrics-healthchecks-4.2.9.jar:/Users/soumyaprasadchandra/.m2/repository/io/dropwizard/dropwizard-request-logging/2.1.0/dropwizard-request-logging-2.1.0.jar:/Users/soumyaprasadchandra/.m2/repository/ch/qos/logback/logback-access/1.2.11/logback-access-1.2.11.jar:/Users/soumyaprasadchandra/.m2/repository/ch/qos/logback/logback-classic/1.2.11/logback-classic-1.2.11.jar:/Users/soumyaprasadchandra/.m2/repository/com/fasterxml/jackson/core/jackson-annotations/2.13.2/jackson-annotations-2.13.2.jar:/Users/soumyaprasadchandra/.m2/repository/com/google/code/findbugs/jsr305/3.0.2/jsr305-3.0.2.jar:/Users/soumyaprasadchandra/.m2/repository/jakarta/servlet/jakarta.servlet-api/4.0.4/jakarta.servlet-api-4.0.4.jar:/Users/soumyaprasadchandra/.m2/repository/jakarta/validation/jakarta.validation-api/2.0.2/jakarta.validation-api-2.0.2.jar:/Users/soumyaprasadchandra/.m2/repository/jakarta/ws/rs/jakarta.ws.rs-api/2.1.6/jakarta.ws.rs-api-2.1.6.jar:/Users/soumyaprasadchandra/.m2/repository/net/sourceforge/argparse4j/argparse4j/0.9.0/argparse4j-0.9.0.jar:/Users/soumyaprasadchandra/.m2/repository/org/eclipse/jetty/jetty-security/9.4.46.v20220331/jetty-security-9.4.46.v20220331.jar:/Users/soumyaprasadchandra/.m2/repository/org/eclipse/jetty/jetty-servlet/9.4.46.v20220331/jetty-servlet-9.4.46.v20220331.jar:/Users/soumyaprasadchandra/.m2/repository/org/eclipse/jetty/jetty-util-ajax/9.4.46.v20220331/jetty-util-ajax-9.4.46.v20220331.jar:/Users/soumyaprasadchandra/.m2/repository/org/eclipse/jetty/jetty-util/9.4.46.v20220331/jetty-util-9.4.46.v20220331.jar:/Users/soumyaprasadchandra/.m2/repository/org/eclipse/jetty/toolchain/setuid/jetty-setuid-java/1.0.4/jetty-setuid-java-1.0.4.jar:/Users/soumyaprasadchandra/.m2/repository/jakarta/inject/jakarta.inject-api/1.0.5/jakarta.inject-api-1.0.5.jar:/Users/soumyaprasadchandra/.m2/repository/org/glassfish/jersey/core/jersey-common/2.35/jersey-common-2.35.jar:/Users/soumyaprasadchandra/.m2/repository/org/glassfish/hk2/external/jakarta.inject/2.6.1/jakarta.inject-2.6.1.jar:/Users/soumyaprasadchandra/.m2/repository/org/glassfish/hk2/osgi-resource-locator/1.0.3/osgi-resource-locator-1.0.3.jar:/Users/soumyaprasadchandra/.m2/repository/org/glassfish/jersey/ext/jersey-bean-validation/2.35/jersey-bean-validation-2.35.jar:/Users/soumyaprasadchandra/.m2/repository/org/hibernate/validator/hibernate-validator/6.2.3.Final/hibernate-validator-6.2.3.Final.jar:/Users/soumyaprasadchandra/.m2/repository/org/jboss/logging/jboss-logging/3.4.1.Final/jboss-logging-3.4.1.Final.jar:/Users/soumyaprasadchandra/.m2/repository/org/slf4j/slf4j-api/1.7.36/slf4j-api-1.7.36.jar:/Users/soumyaprasadchandra/.m2/repository/io/dropwizard/dropwizard-jetty/2.1.0/dropwizard-jetty-2.1.0.jar:/Users/soumyaprasadchandra/.m2/repository/org/eclipse/jetty/jetty-io/9.4.46.v20220331/jetty-io-9.4.46.v20220331.jar:/Users/soumyaprasadchandra/.m2/repository/org/eclipse/jetty/jetty-servlets/9.4.46.v20220331/jetty-servlets-9.4.46.v20220331.jar:/Users/soumyaprasadchandra/.m2/repository/org/eclipse/jetty/jetty-continuation/9.4.46.v20220331/jetty-continuation-9.4.46.v20220331.jar:/Users/soumyaprasadchandra/.m2/repository/org/eclipse/jetty/jetty-http/9.4.46.v20220331/jetty-http-9.4.46.v20220331.jar:/Users/soumyaprasadchandra/.m2/repository/com/fasterxml/jackson/core/jackson-databind/2.13.4/jackson-databind-2.13.4.jar:/Users/soumyaprasadchandra/.m2/repository/com/fasterxml/jackson/core/jackson-core/2.13.4/jackson-core-2.13.4.jar:/Users/soumyaprasadchandra/.m2/repository/org/eclipse/jetty/jetty-server/9.4.43.v20210629/jetty-server-9.4.43.v20210629.jar:/Users/soumyaprasadchandra/.m2/repository/javax/servlet/javax.servlet-api/3.1.0/javax.servlet-api-3.1.0.jar:/Users/soumyaprasadchandra/.m2/repository/junit/junit/4.13.2/junit-4.13.2.jar:/Users/soumyaprasadchandra/.m2/repository/org/hamcrest/hamcrest-core/1.3/hamcrest-core-1.3.jar:"/>
    <property name="sun.cpu.endian" value="little"/>
    <property name="user.home" value="/Users/soumyaprasadchandra"/>
    <property name="user.language" value="en"/>
    <property name="java.specification.vendor" value="Oracle Corporation"/>
    <property name="java.version.date" value="2025-04-15"/>
    <property name="java.home" value="/usr/local/Cellar/openjdk@11/11.0.27/libexec/openjdk.jdk/Contents/Home"/>
    <property name="file.separator" value="/"/>
    <property name="basedir" value="/Users/soumyaprasadchandra/Downloads/hoen-scanner"/>
    <property name="java.vm.compressedOopsMode" value="Zero based"/>
    <property name="line.separator" value="&#10;"/>
    <property name="java.specification.name" value="Java Platform API Specification"/>
    <property name="java.vm.specification.vendor" value="Oracle Corporation"/>
    <property name="java.awt.graphicsenv" value="sun.awt.CGraphicsEnvironment"/>
    <property name="surefire.real.class.path" value="/Users/soumyaprasadchandra/Downloads/hoen-scanner/target/surefire/surefirebooter-20250505002107208_3.jar"/>
    <property name="sun.management.compiler" value="HotSpot 64-Bit Tiered Compilers"/>
    <property name="ftp.nonProxyHosts" value="local|*.local|169.254/16|*.169.254/16"/>
    <property name="java.runtime.version" value="11.0.27+0"/>
    <property name="user.name" value="soumyaprasadchandra"/>
    <property name="path.separator" value=":"/>
    <property name="os.version" value="15.3.1"/>
    <property name="java.runtime.name" value="OpenJDK Runtime Environment"/>
    <property name="file.encoding" value="UTF-8"/>
    <property name="java.vm.name" value="OpenJDK 64-Bit Server VM"/>
    <property name="java.vendor.version" value="Homebrew"/>
    <property name="localRepository" value="/Users/soumyaprasadchandra/.m2/repository"/>
    <property name="java.vendor.url.bug" value="https://github.com/Homebrew/homebrew-core/issues"/>
    <property name="java.io.tmpdir" value="/var/folders/5m/c3w3gqx9663018zmx_6mndrh0000gn/T/"/>
    <property name="java.version" value="11.0.27"/>
    <property name="user.dir" value="/Users/soumyaprasadchandra/Downloads/hoen-scanner"/>
    <property name="os.arch" value="x86_64"/>
    <property name="java.vm.specification.name" value="Java Virtual Machine Specification"/>
    <property name="java.awt.printerjob" value="sun.lwawt.macosx.CPrinterJob"/>
    <property name="sun.os.patch.level" value="unknown"/>
    <property name="java.library.path" value="/Users/soumyaprasadchandra/Library/Java/Extensions:/Library/Java/Extensions:/Network/Library/Java/Extensions:/System/Library/Java/Extensions:/usr/lib/java:."/>
    <property name="java.vm.info" value="mixed mode"/>
    <property name="java.vendor" value="Homebrew"/>
    <property name="java.vm.version" value="11.0.27+0"/>
    <property name="java.specification.maintenance.version" value="3"/>
    <property name="sun.io.unicode.encoding" value="UnicodeBig"/>
    <property name="java.class.version" value="55.0"/>
    <property name="socksNonProxyHosts" value="local|*.local|169.254/16|*.169.254/16"/>
  </properties>
  <testcase name="shouldAnswerWithTrue" classname="com.example.AppTest" time="0.006"/>
</testsuite>